<?xml version="1.0" encoding="UTF-8"?>
<robot generator="Robot 3.1.2 (Python 3.7.6 on linux)" generated="20201118 09:13:04.724" rpa="false">
<suite id="s1" name="M2T" source="/home/landolfa/EELT/GIT/comodo2/test/elt/src/m2t.robot">
<test id="s1-t1" name="Generate Hello">
<kw name="Cleanup" library="utilities">
<arguments>
<arg>../gen/</arg>
</arguments>
<kw name="Remove Directory" library="OperatingSystem">
<doc>Removes the directory pointed to by the given ``path``.</doc>
<arguments>
<arg>${dirPath}</arg>
<arg>recursive=yes</arg>
</arguments>
<msg timestamp="20201118 09:13:04.809" level="INFO" html="yes">Removed directory '&lt;a href="file:///home/landolfa/EELT/GIT/comodo2/test/elt/gen"&gt;/home/landolfa/EELT/GIT/comodo2/test/elt/gen&lt;/a&gt;'.</msg>
<status status="PASS" starttime="20201118 09:13:04.787" endtime="20201118 09:13:04.809"></status>
</kw>
<status status="PASS" starttime="20201118 09:13:04.786" endtime="20201118 09:13:04.809"></status>
</kw>
<kw name="Comodo" library="utilities">
<arguments>
<arg>../model/hello/EELT_ICS_ApplicationFramework.uml</arg>
<arg>../gen/</arg>
<arg>hellomalif hellomal</arg>
<arg>ELT-RAD</arg>
<arg>ALL</arg>
</arguments>
<kw name="Run Process" library="Process">
<doc>Runs a process and waits for it to complete.</doc>
<arguments>
<arg>comodo</arg>
<arg>-i</arg>
<arg>${inModel}</arg>
<arg>-o</arg>
<arg>${outDir}</arg>
<arg>-m</arg>
<arg>${modules}</arg>
<arg>-t</arg>
<arg>${targetPlatform}</arg>
<arg>-g</arg>
<arg>${genMode}</arg>
<arg>-n</arg>
<arg>-a</arg>
<arg>-d</arg>
<arg>alias=cmdoApp</arg>
<arg>stdout=${COMODO_LOG_FILE}</arg>
<arg>stderr=${COMODO_ERR_FILE}</arg>
</arguments>
<assign>
<var>${result}</var>
</assign>
<msg timestamp="20201118 09:13:04.812" level="INFO">Starting process:
comodo -i ../model/hello/EELT_ICS_ApplicationFramework.uml -o ../gen/ -m "hellomalif hellomal" -t ELT-RAD -g ALL -n -a -d</msg>
<msg timestamp="20201118 09:13:04.816" level="INFO">Waiting for process to complete.</msg>
<msg timestamp="20201118 09:13:09.942" level="INFO">Process completed.</msg>
<msg timestamp="20201118 09:13:09.943" level="INFO">${result} = &lt;result object with rc 0&gt;</msg>
<status status="PASS" starttime="20201118 09:13:04.810" endtime="20201118 09:13:09.943"></status>
</kw>
<kw name="Log" library="BuiltIn">
<doc>Logs the given message with the given level.</doc>
<arguments>
<arg>${result.stdout}</arg>
</arguments>
<msg timestamp="20201118 09:13:09.945" level="INFO">0    INFO  Main               - Starting execution at 20201118-091305.062
4    DEBUG Main               - Logging level set to: DEBUG
4    DEBUG Main               - Files backup: DISABLED
4    DEBUG Main               - Use fully qualified names: false
5    DEBUG Main               - Model name: &lt;../model/hello/EELT_ICS_ApplicationFramework.uml&gt;
9    DEBUG Main               - Resolved model name: &lt;/home/landolfa/EELT/GIT/comodo2/test/elt/src/../model/hello/EELT_ICS_ApplicationFramework.uml&gt;
9    DEBUG Main               - Resolved model directory: &lt;/home/landolfa/EELT/GIT/comodo2/test/elt/src/../model/hello&gt;
9    DEBUG Main               - Modules: &lt;hellomalif hellomal&gt;
9    DEBUG Main               - Target Platform: &lt;ELT-RAD&gt;
9    DEBUG Main               - Target Platform Configuration: &lt;&gt;
9    DEBUG Main               - Generation Mode: &lt;ALL&gt;
10   DEBUG Main               - Output directory: &lt;../gen/&gt;
10   DEBUG Main               - Workflow: resources/GeneratorWorkflow.mwe2
10   INFO  Main               - Starting transformation ELT-RAD on model ../model/hello/EELT_ICS_ApplicationFramework.uml for modules hellomalif hellomal
4579 DEBUG Root               - Processed module &lt;hellomalif&gt; from resource URI &lt;file:/home/landolfa/EELT/GIT/comodo2/test/elt/src/../model/hello/EELT_ICS_ApplicationFramework.uml&gt; (0.384757134s)
4765 DEBUG Root               - Processed module &lt;hellomal&gt; from resource URI &lt;file:/home/landolfa/EELT/GIT/comodo2/test/elt/src/../model/hello/EELT_ICS_ApplicationFramework.uml&gt; (0.18514763s)
4766 INFO  Workflow           - Done.
4766 INFO  Main               - Execution completed (4.755847391s).</msg>
<status status="PASS" starttime="20201118 09:13:09.943" endtime="20201118 09:13:09.945"></status>
</kw>
<kw name="Log" library="BuiltIn">
<doc>Logs the given message with the given level.</doc>
<arguments>
<arg>${result.stderr}</arg>
</arguments>
<msg timestamp="20201118 09:13:09.946" level="INFO"></msg>
<status status="PASS" starttime="20201118 09:13:09.945" endtime="20201118 09:13:09.946"></status>
</kw>
<kw name="Should Be Equal As Integers" library="BuiltIn">
<doc>Fails if objects are unequal after converting them to integers.</doc>
<arguments>
<arg>${result.rc}</arg>
<arg>0</arg>
</arguments>
<msg timestamp="20201118 09:13:09.946" level="INFO">Argument types are:
&lt;class 'int'&gt;
&lt;type 'unicode'&gt;</msg>
<status status="PASS" starttime="20201118 09:13:09.946" endtime="20201118 09:13:09.946"></status>
</kw>
<status status="PASS" starttime="20201118 09:13:04.809" endtime="20201118 09:13:09.946"></status>
</kw>
<kw name="Verify" library="utilities">
<arguments>
<arg>../ref/hello/</arg>
<arg>../gen/</arg>
</arguments>
<kw name="Run Process" library="Process">
<doc>Runs a process and waits for it to complete.</doc>
<arguments>
<arg>diff</arg>
<arg>${refDir}</arg>
<arg>${genDir}</arg>
<arg>alias=diffApp</arg>
<arg>stdout=${DIFF_LOG_FILE}</arg>
<arg>stderr=${DIFF_ERR_FILE}</arg>
</arguments>
<assign>
<var>${result}</var>
</assign>
<msg timestamp="20201118 09:13:09.950" level="INFO">Starting process:
diff ../ref/hello/ ../gen/</msg>
<msg timestamp="20201118 09:13:09.953" level="INFO">Waiting for process to complete.</msg>
<msg timestamp="20201118 09:13:09.955" level="INFO">Process completed.</msg>
<msg timestamp="20201118 09:13:09.955" level="INFO">${result} = &lt;result object with rc 0&gt;</msg>
<status status="PASS" starttime="20201118 09:13:09.947" endtime="20201118 09:13:09.955"></status>
</kw>
<kw name="Log" library="BuiltIn">
<doc>Logs the given message with the given level.</doc>
<arguments>
<arg>${result.stdout}</arg>
</arguments>
<msg timestamp="20201118 09:13:09.957" level="INFO">Common subdirectories: ../ref/hello/hellomal and ../gen/hellomal
Common subdirectories: ../ref/hello/hellomalif and ../gen/hellomalif</msg>
<status status="PASS" starttime="20201118 09:13:09.956" endtime="20201118 09:13:09.957"></status>
</kw>
<kw name="Log" library="BuiltIn">
<doc>Logs the given message with the given level.</doc>
<arguments>
<arg>${result.stderr}</arg>
</arguments>
<msg timestamp="20201118 09:13:09.958" level="INFO"></msg>
<status status="PASS" starttime="20201118 09:13:09.957" endtime="20201118 09:13:09.958"></status>
</kw>
<kw name="Should Be Equal As Integers" library="BuiltIn">
<doc>Fails if objects are unequal after converting them to integers.</doc>
<arguments>
<arg>${result.rc}</arg>
<arg>0</arg>
</arguments>
<msg timestamp="20201118 09:13:09.958" level="INFO">Argument types are:
&lt;class 'int'&gt;
&lt;type 'unicode'&gt;</msg>
<status status="PASS" starttime="20201118 09:13:09.958" endtime="20201118 09:13:09.958"></status>
</kw>
<status status="PASS" starttime="20201118 09:13:09.947" endtime="20201118 09:13:09.958"></status>
</kw>
<doc>Generate hellomal, hellomalif modules.</doc>
<tags>
<tag>TestHello</tag>
</tags>
<timeout value="5 minutes"></timeout>
<status status="PASS" starttime="20201118 09:13:04.786" endtime="20201118 09:13:09.959" critical="yes"></status>
</test>
<test id="s1-t2" name="Generate Hello2">
<kw name="Cleanup" library="utilities">
<arguments>
<arg>../gen/</arg>
</arguments>
<kw name="Remove Directory" library="OperatingSystem">
<doc>Removes the directory pointed to by the given ``path``.</doc>
<arguments>
<arg>${dirPath}</arg>
<arg>recursive=yes</arg>
</arguments>
<msg timestamp="20201118 09:13:09.980" level="INFO" html="yes">Removed directory '&lt;a href="file:///home/landolfa/EELT/GIT/comodo2/test/elt/gen"&gt;/home/landolfa/EELT/GIT/comodo2/test/elt/gen&lt;/a&gt;'.</msg>
<status status="PASS" starttime="20201118 09:13:09.960" endtime="20201118 09:13:09.981"></status>
</kw>
<status status="PASS" starttime="20201118 09:13:09.960" endtime="20201118 09:13:09.981"></status>
</kw>
<kw name="Comodo" library="utilities">
<arguments>
<arg>../model/hello/EELT_ICS_ApplicationFramework.uml</arg>
<arg>../gen/</arg>
<arg>externalif2 hellomalif2 hellomal2</arg>
<arg>ELT-RAD</arg>
<arg>ALL</arg>
</arguments>
<kw name="Run Process" library="Process">
<doc>Runs a process and waits for it to complete.</doc>
<arguments>
<arg>comodo</arg>
<arg>-i</arg>
<arg>${inModel}</arg>
<arg>-o</arg>
<arg>${outDir}</arg>
<arg>-m</arg>
<arg>${modules}</arg>
<arg>-t</arg>
<arg>${targetPlatform}</arg>
<arg>-g</arg>
<arg>${genMode}</arg>
<arg>-n</arg>
<arg>-a</arg>
<arg>-d</arg>
<arg>alias=cmdoApp</arg>
<arg>stdout=${COMODO_LOG_FILE}</arg>
<arg>stderr=${COMODO_ERR_FILE}</arg>
</arguments>
<assign>
<var>${result}</var>
</assign>
<msg timestamp="20201118 09:13:09.983" level="INFO">Starting process:
comodo -i ../model/hello/EELT_ICS_ApplicationFramework.uml -o ../gen/ -m "externalif2 hellomalif2 hellomal2" -t ELT-RAD -g ALL -n -a -d</msg>
<msg timestamp="20201118 09:13:09.986" level="INFO">Waiting for process to complete.</msg>
<msg timestamp="20201118 09:13:14.686" level="INFO">Process completed.</msg>
<msg timestamp="20201118 09:13:14.687" level="INFO">${result} = &lt;result object with rc 0&gt;</msg>
<status status="PASS" starttime="20201118 09:13:09.981" endtime="20201118 09:13:14.687"></status>
</kw>
<kw name="Log" library="BuiltIn">
<doc>Logs the given message with the given level.</doc>
<arguments>
<arg>${result.stdout}</arg>
</arguments>
<msg timestamp="20201118 09:13:14.689" level="INFO">0    INFO  Main               - Starting execution at 20201118-091310.211
4    DEBUG Main               - Logging level set to: DEBUG
4    DEBUG Main               - Files backup: DISABLED
4    DEBUG Main               - Use fully qualified names: false
5    DEBUG Main               - Model name: &lt;../model/hello/EELT_ICS_ApplicationFramework.uml&gt;
8    DEBUG Main               - Resolved model name: &lt;/home/landolfa/EELT/GIT/comodo2/test/elt/src/../model/hello/EELT_ICS_ApplicationFramework.uml&gt;
9    DEBUG Main               - Resolved model directory: &lt;/home/landolfa/EELT/GIT/comodo2/test/elt/src/../model/hello&gt;
9    DEBUG Main               - Modules: &lt;externalif2 hellomalif2 hellomal2&gt;
9    DEBUG Main               - Target Platform: &lt;ELT-RAD&gt;
9    DEBUG Main               - Target Platform Configuration: &lt;&gt;
9    DEBUG Main               - Generation Mode: &lt;ALL&gt;
9    DEBUG Main               - Output directory: &lt;../gen/&gt;
10   DEBUG Main               - Workflow: resources/GeneratorWorkflow.mwe2
10   INFO  Main               - Starting transformation ELT-RAD on model ../model/hello/EELT_ICS_ApplicationFramework.uml for modules externalif2 hellomalif2 hellomal2
4139 DEBUG Root               - Processed module &lt;externalif2&gt; from resource URI &lt;file:/home/landolfa/EELT/GIT/comodo2/test/elt/src/../model/hello/EELT_ICS_ApplicationFramework.uml&gt; (0.587531461s)
4180 DEBUG Root               - Processed module &lt;hellomalif2&gt; from resource URI &lt;file:/home/landolfa/EELT/GIT/comodo2/test/elt/src/../model/hello/EELT_ICS_ApplicationFramework.uml&gt; (0.040591885s)
4369 DEBUG Root               - Processed module &lt;hellomal2&gt; from resource URI &lt;file:/home/landolfa/EELT/GIT/comodo2/test/elt/src/../model/hello/EELT_ICS_ApplicationFramework.uml&gt; (0.188310092s)
4370 INFO  Workflow           - Done.
4370 INFO  Main               - Execution completed (4.360103079s).</msg>
<status status="PASS" starttime="20201118 09:13:14.687" endtime="20201118 09:13:14.689"></status>
</kw>
<kw name="Log" library="BuiltIn">
<doc>Logs the given message with the given level.</doc>
<arguments>
<arg>${result.stderr}</arg>
</arguments>
<msg timestamp="20201118 09:13:14.690" level="INFO"></msg>
<status status="PASS" starttime="20201118 09:13:14.689" endtime="20201118 09:13:14.690"></status>
</kw>
<kw name="Should Be Equal As Integers" library="BuiltIn">
<doc>Fails if objects are unequal after converting them to integers.</doc>
<arguments>
<arg>${result.rc}</arg>
<arg>0</arg>
</arguments>
<msg timestamp="20201118 09:13:14.691" level="INFO">Argument types are:
&lt;class 'int'&gt;
&lt;type 'unicode'&gt;</msg>
<status status="PASS" starttime="20201118 09:13:14.690" endtime="20201118 09:13:14.691"></status>
</kw>
<status status="PASS" starttime="20201118 09:13:09.981" endtime="20201118 09:13:14.691"></status>
</kw>
<kw name="Verify" library="utilities">
<arguments>
<arg>../ref/hello2/</arg>
<arg>../gen/</arg>
</arguments>
<kw name="Run Process" library="Process">
<doc>Runs a process and waits for it to complete.</doc>
<arguments>
<arg>diff</arg>
<arg>${refDir}</arg>
<arg>${genDir}</arg>
<arg>alias=diffApp</arg>
<arg>stdout=${DIFF_LOG_FILE}</arg>
<arg>stderr=${DIFF_ERR_FILE}</arg>
</arguments>
<assign>
<var>${result}</var>
</assign>
<msg timestamp="20201118 09:13:14.694" level="INFO">Starting process:
diff ../ref/hello2/ ../gen/</msg>
<msg timestamp="20201118 09:13:14.697" level="INFO">Waiting for process to complete.</msg>
<msg timestamp="20201118 09:13:14.699" level="INFO">Process completed.</msg>
<msg timestamp="20201118 09:13:14.699" level="INFO">${result} = &lt;result object with rc 0&gt;</msg>
<status status="PASS" starttime="20201118 09:13:14.692" endtime="20201118 09:13:14.699"></status>
</kw>
<kw name="Log" library="BuiltIn">
<doc>Logs the given message with the given level.</doc>
<arguments>
<arg>${result.stdout}</arg>
</arguments>
<msg timestamp="20201118 09:13:14.701" level="INFO">Common subdirectories: ../ref/hello2/externalif2 and ../gen/externalif2
Common subdirectories: ../ref/hello2/hellomal2 and ../gen/hellomal2
Common subdirectories: ../ref/hello2/hellomalif2 and ../gen/hellomalif2</msg>
<status status="PASS" starttime="20201118 09:13:14.700" endtime="20201118 09:13:14.701"></status>
</kw>
<kw name="Log" library="BuiltIn">
<doc>Logs the given message with the given level.</doc>
<arguments>
<arg>${result.stderr}</arg>
</arguments>
<msg timestamp="20201118 09:13:14.702" level="INFO"></msg>
<status status="PASS" starttime="20201118 09:13:14.701" endtime="20201118 09:13:14.702"></status>
</kw>
<kw name="Should Be Equal As Integers" library="BuiltIn">
<doc>Fails if objects are unequal after converting them to integers.</doc>
<arguments>
<arg>${result.rc}</arg>
<arg>0</arg>
</arguments>
<msg timestamp="20201118 09:13:14.703" level="INFO">Argument types are:
&lt;class 'int'&gt;
&lt;type 'unicode'&gt;</msg>
<status status="PASS" starttime="20201118 09:13:14.702" endtime="20201118 09:13:14.703"></status>
</kw>
<status status="PASS" starttime="20201118 09:13:14.691" endtime="20201118 09:13:14.703"></status>
</kw>
<doc>Generate hellomal2, hellomalif2, externalif2 modules.</doc>
<tags>
<tag>TestHello2</tag>
</tags>
<timeout value="5 minutes"></timeout>
<status status="PASS" starttime="20201118 09:13:09.959" endtime="20201118 09:13:14.703" critical="yes"></status>
</test>
<doc>Tests to verify the Model-to-Text transformations for the ELT platform.</doc>
<status status="PASS" starttime="20201118 09:13:04.725" endtime="20201118 09:13:14.704"></status>
</suite>
<statistics>
<total>
<stat pass="2" fail="0">Critical Tests</stat>
<stat pass="2" fail="0">All Tests</stat>
</total>
<tag>
<stat pass="1" fail="0">TestHello</stat>
<stat pass="1" fail="0">TestHello2</stat>
</tag>
<suite>
<stat pass="2" fail="0" id="s1" name="M2T">M2T</stat>
</suite>
</statistics>
<errors>
</errors>
</robot>
